<?xml version="1.0" encoding="UTF-8"?>
<!-- Generated by org.testng.reporters.JUnitReportReporter -->
<testsuite hostname="Confluxsyss-Mac-mini.local" failures="0" tests="6" name="TestCase" time="0.029" errors="0" timestamp="2022-07-12T11:34:16 IST" skipped="0">
  <testcase classname="TestCase" name="test3" time="0.004"/>
  <system-out/>
  <testcase classname="TestCase" name="test1" time="0.012"/>
  <system-out/>
  <testcase classname="TestCase" name="test2" time="0.003"/>
  <system-out/>
  <testcase classname="TestCase" name="test5" time="0.003"/>
  <system-out/>
  <testcase classname="TestCase" name="test4" time="0.001"/>
  <system-out/>
  <testcase classname="TestCase" name="test6" time="0.006"/>
  <system-out/>
</testsuite> <!-- TestCase -->
