<?xml version="1.0" encoding="UTF-8"?>
<!-- Generated by org.testng.reporters.JUnitReportReporter -->
<testsuite hostname="Confluxsyss-Mac-mini.local" failures="0" tests="2" name="TlinkedWithTestCaseII" time="0.012" errors="0" timestamp="2022-07-12T12:31:56 IST" skipped="0">
  <testcase classname="TlinkedWithTestCaseII" name="AgainTry" time="0.003"/>
  <system-out/>
  <testcase classname="TlinkedWithTestCaseII" name="Try" time="0.009"/>
  <system-out/>
</testsuite> <!-- TlinkedWithTestCaseII -->
