<?xml version="1.0" encoding="UTF-8"?>
<!-- Generated by org.testng.reporters.JUnitReportReporter -->
<testsuite hostname="Confluxsyss-Mac-mini.local" failures="0" tests="2" name="TestCaseII" time="0.017" errors="0" timestamp="2022-07-12T12:31:56 IST" skipped="0">
  <testcase classname="TestCaseII" name="start" time="0.013"/>
  <system-out/>
  <testcase classname="TestCaseII" name="news" time="0.004"/>
  <system-out/>
</testsuite> <!-- TestCaseII -->
