<?xml version="1.0" encoding="UTF-8"?>
<!-- Generated by org.testng.reporters.JUnitReportReporter -->
<testsuite hostname="Confluxsyss-Mac-mini.local" failures="0" tests="4" name="TestCaseI" time="0.034" errors="0" timestamp="2022-07-12T11:34:16 IST" skipped="0">
  <testcase classname="TestCaseI" name="test" time="0.006"/>
  <system-out/>
  <testcase classname="TestCaseI" name="testing" time="0.002"/>
  <system-out/>
  <testcase classname="TestCaseI" name="tester" time="0.013"/>
  <system-out/>
  <testcase classname="TestCaseI" name="tested" time="0.013"/>
  <system-out/>
</testsuite> <!-- TestCaseI -->
